proguard/seeds.txt
com.gmail.tylercap4.connections.Connections
com.gmail.tylercap4.connections.Connections: Connections()
com.gmail.tylercap4.connections.IndexedButton: void setValue(int)
com.gmail.tylercap4.connections.IndexedButton: void setOwner(int)
com.gmail.tylercap4.connections.IndexedButton: void setHighlighted(boolean)
com.gmail.tylercap4.connections.IndexedButton: int getValue()
com.gmail.tylercap4.connections.IndexedButton: int getRow()
com.gmail.tylercap4.connections.IndexedButton: int getColumn()
com.gmail.tylercap4.connections.MainMenu
com.gmail.tylercap4.connections.MainMenu: MainMenu()
com.gmail.tylercap4.connections.R$attr: int adSize
com.gmail.tylercap4.connections.R$attr: int adSizes
com.gmail.tylercap4.connections.R$attr: int adUnitId
com.gmail.tylercap4.connections.R$attr: int appTheme
com.gmail.tylercap4.connections.R$attr: int buyButtonAppearance
com.gmail.tylercap4.connections.R$attr: int buyButtonHeight
com.gmail.tylercap4.connections.R$attr: int buyButtonText
com.gmail.tylercap4.connections.R$attr: int buyButtonWidth
com.gmail.tylercap4.connections.R$attr: int cameraBearing
com.gmail.tylercap4.connections.R$attr: int cameraTargetLat
com.gmail.tylercap4.connections.R$attr: int cameraTargetLng
com.gmail.tylercap4.connections.R$attr: int cameraTilt
com.gmail.tylercap4.connections.R$attr: int cameraZoom
com.gmail.tylercap4.connections.R$attr: int circleCrop
com.gmail.tylercap4.connections.R$attr: int environment
com.gmail.tylercap4.connections.R$attr: int fragmentMode
com.gmail.tylercap4.connections.R$attr: int fragmentStyle
com.gmail.tylercap4.connections.R$attr: int imageAspectRatio
com.gmail.tylercap4.connections.R$attr: int imageAspectRatioAdjust
com.gmail.tylercap4.connections.R$attr: int liteMode
com.gmail.tylercap4.connections.R$attr: int mapType
com.gmail.tylercap4.connections.R$attr: int maskedWalletDetailsBackground
com.gmail.tylercap4.connections.R$attr: int maskedWalletDetailsButtonBackground
com.gmail.tylercap4.connections.R$attr: int maskedWalletDetailsButtonTextAppearance
com.gmail.tylercap4.connections.R$color: int back_color
com.gmail.tylercap4.connections.R$color: int button_back
com.gmail.tylercap4.connections.R$color: int button_border
com.gmail.tylercap4.connections.R$color: int common_action_bar_splitter
com.gmail.tylercap4.connections.R$color: int common_signin_btn_dark_text_default
com.gmail.tylercap4.connections.R$color: int common_signin_btn_dark_text_disabled
com.gmail.tylercap4.connections.R$color: int common_signin_btn_dark_text_focused
com.gmail.tylercap4.connections.R$color: int common_signin_btn_dark_text_pressed
com.gmail.tylercap4.connections.R$color: int common_signin_btn_default_background
com.gmail.tylercap4.connections.R$color: int common_signin_btn_light_text_default
com.gmail.tylercap4.connections.R$color: int common_signin_btn_light_text_disabled
com.gmail.tylercap4.connections.R$color: int common_signin_btn_light_text_focused
com.gmail.tylercap4.connections.R$color: int common_signin_btn_light_text_pressed
com.gmail.tylercap4.connections.R$color: int common_signin_btn_text_dark
com.gmail.tylercap4.connections.R$color: int common_signin_btn_text_light
com.gmail.tylercap4.connections.R$color: int highlight_back
com.gmail.tylercap4.connections.R$color: int player1_back
com.gmail.tylercap4.connections.R$color: int player2_back
com.gmail.tylercap4.connections.R$color: int sor_back
com.gmail.tylercap4.connections.R$color: int sor_border
com.gmail.tylercap4.connections.R$dimen: int activity_horizontal_margin
com.gmail.tylercap4.connections.R$dimen: int activity_vertical_margin
...
com.google.android.gms.R$drawable: int common_full_open_on_phone
com.google.android.gms.R$drawable: int common_ic_googleplayservices
com.google.android.gms.R$drawable: int common_signin_btn_icon_dark
com.google.android.gms.R$drawable: int common_signin_btn_icon_disabled_dark
com.google.android.gms.R$drawable: int common_signin_btn_icon_disabled_focus_dark
com.google.android.gms.R$drawable: int common_signin_btn_icon_disabled_focus_light
com.google.android.gms.R$drawable: int common_signin_btn_icon_disabled_light
com.google.android.gms.R$drawable: int common_signin_btn_icon_focus_dark
com.google.android.gms.R$drawable: int common_signin_btn_icon_focus_light
com.google.android.gms.R$drawable: int common_signin_btn_icon_light
com.google.android.gms.R$drawable: int common_signin_btn_icon_normal_dark
com.google.android.gms.R$drawable: int common_signin_btn_icon_normal_light
com.google.android.gms.R$drawable: int common_signin_btn_icon_pressed_dark
com.google.android.gms.R$drawable: int common_signin_btn_icon_pressed_light
com.google.android.gms.R$drawable: int common_signin_btn_text_dark
com.google.android.gms.R$drawable: int common_signin_btn_text_disabled_dark
com.google.android.gms.R$drawable: int common_signin_btn_text_disabled_focus_dark
com.google.android.gms.R$drawable: int common_signin_btn_text_disabled_focus_light
com.google.android.gms.R$drawable: int common_signin_btn_text_disabled_light
com.google.android.gms.R$id: int adjust_height
com.google.android.gms.R$id: int adjust_width
com.google.android.gms.R$id: int book_now
com.google.android.gms.R$id: int buyButton
com.google.android.gms.R$id: int buy_now
com.google.android.gms.R$id: int buy_with_google
com.google.android.gms.R$id: int classic
com.google.android.gms.R$id: int donate_with_google
com.google.android.gms.R$id: int grayscale
com.google.android.gms.R$id: int holo_dark
com.google.android.gms.R$id: int holo_light
com.google.android.gms.R$id: int hybrid
com.google.android.gms.R$id: int match_parent
com.google.android.gms.R$id: int monochrome
com.google.android.gms.R$id: int none
com.google.android.gms.R$id: int normal
com.google.android.gms.R$id: int production
com.google.android.gms.R$id: int sandbox
com.google.android.gms.R$id: int satellite
com.google.android.gms.R$id: int selectionDetails
com.google.android.gms.R$id: int strict_sandbox
com.google.android.gms.R$id: int terrain
com.google.android.gms.R$id: int wrap_content
com.google.android.gms.R$integer: int google_play_services_version
com.google.android.gms.R$raw: int gtm_analytics