proguard/mapping.txt
com.gmail.tylercap4.connections.Connections -> com.gmail.tylercap4.connections.Connections:
    com.google.android.gms.ads.AdView adMobView -> a
    com.google.android.gms.games.multiplayer.turnbased.TurnBasedMatch match -> b
    int owner -> c
    int[][] widget_ids -> d
    int[] player_card_ids -> e
    com.gmail.tylercap4.connections.IndexedButton[][] widgets -> f
    com.gmail.tylercap4.connections.IndexedButton[] player_cards -> g
    int[][] gameboard -> h
    int[][] owner_vals -> i
    java.util.LinkedList deck -> j
    int[] owner1_cards -> k
    int[] owner2_cards -> l
    void onCreate(android.os.Bundle) -> onCreate
    void onPause() -> onPause
    void onResume() -> onResume
    void loadFromMatch() -> a
    void doNewGame() -> b
    void addHowToText() -> c
    void setUpButton(com.gmail.tylercap4.connections.IndexedButton) -> a
    java.util.LinkedList getEligibleDropTargets(int) -> a
    int getNextPlayerOption(int,int) -> a
    void highlightTileClicked(com.gmail.tylercap4.connections.IndexedButton) -> b
    void removeAllHighlighting() -> d
    boolean checkForWinner(int,int,int) -> a
    boolean checkDiagonal(int,int,int) -> b
    boolean checkDiagonal1(int,int,int) -> c
    boolean checkDiagonal2(int,int,int) -> d
    java.lang.String getEmoji(int) -> b
    void initWidgetIds() -> e
    void access$0(com.gmail.tylercap4.connections.Connections) -> a
com.gmail.tylercap4.connections.Connections$1 -> com.gmail.tylercap4.connections.a:
    com.gmail.tylercap4.connections.Connections this$0 -> a
    void onClick(android.content.DialogInterface,int) -> onClick
com.gmail.tylercap4.connections.Connections$2 -> com.gmail.tylercap4.connections.b:
    com.gmail.tylercap4.connections.Connections this$0 -> a
    void onClick(android.content.DialogInterface,int) -> onClick
com.gmail.tylercap4.connections.Connections$TileTouchListener -> com.gmail.tylercap4.connections.c:
    com.gmail.tylercap4.connections.Connections this$0 -> a
    boolean onTouch(android.view.View,android.view.MotionEvent) -> onTouch
com.gmail.tylercap4.connections.IndexedButton -> com.gmail.tylercap4.connections.d:
    int row -> a
    int column -> b
    int value -> c
    int owner -> d
    boolean highlighted -> e
    void updateBackground() -> a
    void setValue(int) -> setValue
    void setOwner(int) -> setOwner
    void setHighlighted(boolean) -> setHighlighted
    boolean isHighlighted() -> b
    int getValue() -> getValue
    int getRow() -> getRow
    int getColumn() -> getColumn
    boolean performClick() -> performClick
com.gmail.tylercap4.connections.MainMenu -> com.gmail.tylercap4.connections.MainMenu:
    int RC_SIGN_IN -> b
    android.view.MenuItem sign_in -> c
    com.google.android.gms.common.api.GoogleApiClient mGoogleApiClient -> a
    boolean mResolvingConnectionFailure -> d
    boolean mSignInClicked -> e
    java.util.List game_strings -> f
    void onCreate(android.os.Bundle) -> onCreate
    void onResume() -> onResume
    void updateSignInButton() -> a
    void onPause() -> onPause
    void onStart() -> onStart
    void reloadSignIn() -> b
    void onConnected(android.os.Bundle) -> a
    void onConnectionSuspended(int) -> a
    void onConnectionFailed(com.google.android.gms.common.ConnectionResult) -> a
    void onActivityResult(int,int,android.content.Intent) -> onActivityResult
    void updateGameList() -> c
    void selectItem(int) -> b
    boolean onCreateOptionsMenu(android.view.Menu) -> onCreateOptionsMenu
    boolean onOptionsItemSelected(android.view.MenuItem) -> onOptionsItemSelected
    void access$0(com.gmail.tylercap4.connections.MainMenu,int) -> a
com.gmail.tylercap4.connections.MainMenu$GameClickListener -> com.gmail.tylercap4.connections.e:
    com.gmail.tylercap4.connections.MainMenu this$0 -> a
    void onItemClick(android.widget.AdapterView,android.view.View,int,long) -> onItemClick
...
com.google.android.gms.drive.query.internal.g -> com.google.android.gms.drive.query.internal.g:
    com.google.android.gms.drive.query.internal.HasFilter aW(android.os.Parcel) -> a
    com.google.android.gms.drive.query.internal.HasFilter[] cl(int) -> a
    void a(com.google.android.gms.drive.query.internal.HasFilter,android.os.Parcel,int) -> a
    java.lang.Object[] newArray(int) -> newArray
    java.lang.Object createFromParcel(android.os.Parcel) -> createFromParcel
com.google.android.gms.drive.query.internal.h -> com.google.android.gms.drive.query.internal.h:
    com.google.android.gms.drive.query.internal.InFilter aX(android.os.Parcel) -> a
    com.google.android.gms.drive.query.internal.InFilter[] cm(int) -> a
    void a(com.google.android.gms.drive.query.internal.InFilter,android.os.Parcel,int) -> a
    java.lang.Object[] newArray(int) -> newArray
    java.lang.Object createFromParcel(android.os.Parcel) -> createFromParcel
com.google.android.gms.drive.query.internal.i -> com.google.android.gms.drive.query.internal.i:
    com.google.android.gms.drive.query.internal.LogicalFilter aY(android.os.Parcel) -> a
    com.google.android.gms.drive.query.internal.LogicalFilter[] cn(int) -> a
    void a(com.google.android.gms.drive.query.internal.LogicalFilter,android.os.Parcel,int) -> a
    java.lang.Object[] newArray(int) -> newArray
    java.lang.Object createFromParcel(android.os.Parcel) -> createFromParcel
com.google.android.gms.drive.query.internal.j -> com.google.android.gms.drive.query.internal.j:
    com.google.android.gms.drive.query.internal.MatchAllFilter aZ(android.os.Parcel) -> a
    com.google.android.gms.drive.query.internal.MatchAllFilter[] co(int) -> a
    void a(com.google.android.gms.drive.query.internal.MatchAllFilter,android.os.Parcel,int) -> a
    java.lang.Object[] newArray(int) -> newArray
    java.lang.Object createFromParcel(android.os.Parcel) -> createFromParcel
com.google.android.gms.drive.query.internal.k -> com.google.android.gms.drive.query.internal.k:
    com.google.android.gms.drive.query.internal.NotFilter ba(android.os.Parcel) -> a
    com.google.android.gms.drive.query.internal.NotFilter[] cp(int) -> a
    void a(com.google.android.gms.drive.query.internal.NotFilter,android.os.Parcel,int) -> a
    java.lang.Object[] newArray(int) -> newArray
    java.lang.Object createFromParcel(android.os.Parcel) -> createFromParcel
com.google.android.gms.drive.query.internal.l -> com.google.android.gms.drive.query.internal.l:
    com.google.android.gms.drive.query.internal.Operator bb(android.os.Parcel) -> a
    com.google.android.gms.drive.query.internal.Operator[] cq(int) -> a
    void a(com.google.android.gms.drive.query.internal.Operator,android.os.Parcel,int) -> a
    java.lang.Object[] newArray(int) -> newArray
    java.lang.Object createFromParcel(android.os.Parcel) -> createFromParcel
com.google.android.gms.drive.realtime.internal.BeginCompoundOperationRequest -> com.google.android.gms.drive.realtime.internal.BeginCompoundOperationRequest:
    android.os.Parcelable$Creator CREATOR -> CREATOR
    int CK -> a
    boolean SF -> b
    java.lang.String mName -> c
    boolean SG -> d
    int describeContents() -> describeContents
    void writeToParcel(android.os.Parcel,int) -> writeToParcel
com.google.android.gms.drive.realtime.internal.EndCompoundOperationRequest -> com.google.android.gms.drive.realtime.internal.EndCompoundOperationRequest:
    android.os.Parcelable$Creator CREATOR -> CREATOR
    int CK -> a
    int describeContents() -> describeContents
    void writeToParcel(android.os.Parcel,int) -> writeToParcel