proguard/usage.txt
com.gmail.tylercap4.connections.BuildConfig
com.gmail.tylercap4.connections.Connections:
    public static final int ROWS
    public static final int COLUMNS
    public static final int PLAYER_CARDS
    private com.google.android.gms.games.multiplayer.turnbased.TurnBasedMultiplayer multiplayer
com.gmail.tylercap4.connections.MainMenu:
    private static final java.lang.String SIGNED_IN_KEY
com.gmail.tylercap4.connections.R
com.gmail.tylercap4.connections.R$attr
com.gmail.tylercap4.connections.R$color
com.gmail.tylercap4.connections.R$dimen
com.gmail.tylercap4.connections.R$drawable
com.gmail.tylercap4.connections.R$id
com.gmail.tylercap4.connections.R$integer
com.gmail.tylercap4.connections.R$layout
com.gmail.tylercap4.connections.R$menu
com.gmail.tylercap4.connections.R$raw
com.gmail.tylercap4.connections.R$string
com.gmail.tylercap4.connections.R$style
com.gmail.tylercap4.connections.R$styleable
com.gmail.tylercap4.connections.basegameutils.BaseGameActivity
com.gmail.tylercap4.connections.basegameutils.BaseGameUtils:
    15:15:public BaseGameUtils()
    78:104:public static varargs boolean verifySampleSetup(android.app.Activity,int[])
    172:172:public static android.app.Dialog makeSimpleDialog(android.app.Activity,java.lang.String,java.lang.String)
com.gmail.tylercap4.connections.basegameutils.GameHelper
com.gmail.tylercap4.connections.basegameutils.GameHelper$1
com.gmail.tylercap4.connections.basegameutils.GameHelper$GameHelperListener
com.gmail.tylercap4.connections.basegameutils.GameHelper$SignInFailureReason
com.gmail.tylercap4.connections.basegameutils.GameHelperUtils
...
android.support.v4.view.ViewPropertyAnimatorCompat$ICSViewPropertyAnimatorCompatImpl$3
android.support.v4.view.ViewPropertyAnimatorCompat$JBMr2ViewPropertyAnimatorCompatImpl
android.support.v4.view.ViewPropertyAnimatorCompat$JBViewPropertyAnimatorCompatImpl
android.support.v4.view.ViewPropertyAnimatorCompat$ViewPropertyAnimatorCompatImpl
android.support.v4.view.ViewPropertyAnimatorCompatICS
android.support.v4.view.ViewPropertyAnimatorCompatICS$1
android.support.v4.view.ViewPropertyAnimatorCompatJB
android.support.v4.view.ViewPropertyAnimatorCompatJellybeanMr2
android.support.v4.view.ViewPropertyAnimatorListener
android.support.v4.view.WindowCompat
android.support.v4.view.accessibility.AccessibilityEventCompat
android.support.v4.view.accessibility.AccessibilityEventCompat$AccessibilityEventIcsImpl
android.support.v4.view.accessibility.AccessibilityEventCompat$AccessibilityEventStubImpl
android.support.v4.view.accessibility.AccessibilityEventCompat$AccessibilityEventVersionImpl
android.support.v4.view.accessibility.AccessibilityEventCompatIcs
android.support.v4.view.accessibility.AccessibilityManagerCompat
android.support.v4.view.accessibility.AccessibilityManagerCompat$AccessibilityManagerIcsImpl
android.support.v4.view.accessibility.AccessibilityManagerCompat$AccessibilityManagerIcsImpl$1
android.support.v4.view.accessibility.AccessibilityManagerCompat$AccessibilityManagerStubImpl
android.support.v4.view.accessibility.AccessibilityManagerCompat$AccessibilityManagerVersionImpl
android.support.v4.view.accessibility.AccessibilityManagerCompat$AccessibilityStateChangeListenerCompat
android.support.v4.view.accessibility.AccessibilityManagerCompatIcs
android.support.v4.view.accessibility.AccessibilityManagerCompatIcs$1
android.support.v4.view.accessibility.AccessibilityManagerCompatIcs$AccessibilityStateChangeListenerBridge
android.support.v4.view.accessibility.AccessibilityNodeInfoCompat
android.support.v4.view.accessibility.AccessibilityNodeInfoCompat$AccessibilityNodeInfoIcsImpl
android.support.v4.view.accessibility.AccessibilityNodeInfoCompat$AccessibilityNodeInfoImpl
android.support.v4.view.accessibility.AccessibilityNodeInfoCompat$AccessibilityNodeInfoJellybeanImpl
android.support.v4.view.accessibility.AccessibilityNodeInfoCompat$AccessibilityNodeInfoJellybeanMr2Impl
android.support.v4.view.accessibility.AccessibilityNodeInfoCompat$AccessibilityNodeInfoKitKatImpl
android.support.v4.view.accessibility.AccessibilityNodeInfoCompat$AccessibilityNodeInfoStubImpl
android.support.v4.view.accessibility.AccessibilityNodeInfoCompatIcs
android.support.v4.view.accessibility.AccessibilityNodeInfoCompatJellyBean
android.support.v4.view.accessibility.AccessibilityNodeInfoCompatJellybeanMr2
android.support.v4.view.accessibility.AccessibilityNodeInfoCompatKitKat
android.support.v4.view.accessibility.AccessibilityNodeProviderCompat
android.support.v4.view.accessibility.AccessibilityNodeProviderCompat$AccessibilityNodeProviderImpl
android.support.v4.view.accessibility.AccessibilityNodeProviderCompat$AccessibilityNodeProviderJellyBeanImpl
android.support.v4.view.accessibility.AccessibilityNodeProviderCompat$AccessibilityNodeProviderJellyBeanImpl$1
android.support.v4.view.accessibility.AccessibilityNodeProviderCompat$AccessibilityNodeProviderKitKatImpl
android.support.v4.view.accessibility.AccessibilityNodeProviderCompat$AccessibilityNodeProviderKitKatImpl$1
android.support.v4.view.accessibility.AccessibilityNodeProviderCompat$AccessibilityNodeProviderStubImpl
android.support.v4.view.accessibility.AccessibilityNodeProviderCompatJellyBean
android.support.v4.view.accessibility.AccessibilityNodeProviderCompatJellyBean$1
android.support.v4.view.accessibility.AccessibilityNodeProviderCompatJellyBean$AccessibilityNodeInfoBridge
android.support.v4.view.accessibility.AccessibilityNodeProviderCompatKitKat
android.support.v4.view.accessibility.AccessibilityNodeProviderCompatKitKat$1